<?xml version="1.0" encoding="UTF-8"?>
<!-- Generated by org.testng.reporters.JUnitReportReporter -->
<testsuite hostname="LTIN521911" failures="0" tests="3" name="testRunners.Runner" time="46.872" errors="0" timestamp="2025-01-28T17:32:53 IST" skipped="0">
  <testcase classname="testRunners.Runner" name="runScenario" time="17.529"/>
  <system-out/>
  <testcase classname="testRunners.Runner" name="runScenario" time="13.059"/>
  <system-out/>
  <testcase classname="testRunners.Runner" name="runScenario" time="16.284"/>
  <system-out/>
</testsuite> <!-- testRunners.Runner -->
